<?xml version="1.0" encoding="UTF-8"?>
<!-- Generated by org.testng.reporters.JUnitReportReporter -->
<testsuite skipped="0" hostname="AIPC51" name="Test.TestRestApis" tests="1" failures="0" timestamp="22 Feb 2019 13:03:59 GMT" time="4.897" errors="0">
  <testcase name="testApis" time="4.897" classname="Test.TestRestApis"/>
</testsuite> <!-- Test.TestRestApis -->
