<?xml version="1.0" encoding="UTF-8"?>
<!-- Generated by org.testng.reporters.JUnitReportReporter -->
<testsuite skipped="0" hostname="AIPC51" name="Demo.Sample" tests="1" failures="0" timestamp="20 Feb 2019 07:18:55 GMT" time="3.656" errors="0">
  <testcase name="getWhatherDetails" time="3.656" classname="Demo.Sample"/>
</testsuite> <!-- Demo.Sample -->
