<?xml version="1.0" encoding="UTF-8"?>
<!-- Generated by org.testng.reporters.JUnitReportReporter -->
<testsuite skipped="0" hostname="AIPC51" name="Demo.Basic" tests="1" failures="0" timestamp="20 Feb 2019 12:16:34 GMT" time="5.168" errors="0">
  <testcase name="testSampleRestApi" time="5.168" classname="Demo.Basic"/>
</testsuite> <!-- Demo.Basic -->
